<?xml version="1.0" encoding="UTF-8"?>
<testng-results ignored="0" total="1" passed="1" failed="0" skipped="0">
  <reporter-output>
  </reporter-output>
  <suite started-at="2020-12-21T21:58:16 IST" name="Default suite" finished-at="2020-12-21T21:58:29 IST" duration-ms="13143">
    <groups>
    </groups>
    <test started-at="2020-12-21T21:58:16 IST" name="Default test" finished-at="2020-12-21T21:58:29 IST" duration-ms="13143">
      <class name="Decem1.NewTest_9">
        <test-method signature="Login()[pri:0, instance:Decem1.NewTest_9@120f102b]" started-at="2020-12-21T21:58:16 IST" name="Login" finished-at="2020-12-21T21:58:29 IST" duration-ms="13094" status="PASS">
          <reporter-output>
          </reporter-output>
        </test-method> <!-- Login -->
      </class> <!-- Decem1.NewTest_9 -->
    </test> <!-- Default test -->
  </suite> <!-- Default suite -->
</testng-results>
